<?xml version="1.0" encoding="UTF-8"?>
<!-- Generated by org.testng.reporters.JUnitXMLReporter -->
<testsuite hostname="Jimmy-Gupta" ignored="0" name="Default test" tests="14" failures="0" timestamp="2022-09-20T17:14:39 IST" time="12.616" errors="0">
  <testcase name="createuser" time="4.237" classname="restapi.TC007_POST"/>
  <testcase name="getlist" time="0.461" classname="restapi.TC004_GET"/>
  <testcase name="registeruser" time="0.843" classname="restapi.TC0011_POST"/>
  <testcase name="login_unsuccess" time="0.795" classname="restapi.TC0014_POST"/>
  <testcase name="singlenotfound" time="0.41" classname="restapi.TC006_GET"/>
  <testcase name="update_patch" time="0.789" classname="restapi.TC009_PATCH"/>
  <testcase name="usernotfound" time="0.422" classname="restapi.TC003_GET"/>
  <testcase name="getlistuser" time="0.434" classname="restapi.TC001_GET"/>
  <testcase name="update_put" time="0.826" classname="restapi.TC008_PUT"/>
  <testcase name="getsingleuser" time="0.404" classname="restapi.TC002_GET"/>
  <testcase name="delete_user" time="0.803" classname="restapi.TC0010_DELETE"/>
  <testcase name="loginsuccess" time="0.775" classname="restapi.TC0013_POST"/>
  <testcase name="singleresource" time="0.436" classname="restapi.TC005_GET"/>
  <testcase name="registerunsuccess" time="0.877" classname="restapi.TC0012_POST"/>
</testsuite> <!-- Default test -->
